15:02:05 [types] Added src/env.d.ts type declarations.
15:02:05 [build] output: "static"
15:02:05 [build] directory: /Users/t-sagawa/Sites/IST/TECHNOGRAPH/dist/
15:02:05 [build] Collecting build info...
15:02:05 [build] ✓ Completed in 43ms.
15:02:06 [build] Building static entrypoints...
15:02:06 [types] Added src/env.d.ts type declarations.
15:02:06 [WARN] [vite] The glob option "as" has been deprecated in favour of "query". Please update `as: 'raw'` to `query: '?raw', import: 'default'`.
Found `<style global>` in /Users/t-sagawa/Sites/IST/TECHNOGRAPH/src/components/post/Iframe.astro! Please migrate to the `is:global` directive.
15:02:06 [WARN] [vite] 
../fonts/NotoSansJP-Regular.woff2 referenced in /Users/t-sagawa/Sites/IST/TECHNOGRAPH/src/styles/global.scss didn't resolve at build time, it will remain unchanged to be resolved at runtime
15:02:06 [WARN] [vite] 
../fonts/NotoSansJP-Medium.woff2 referenced in /Users/t-sagawa/Sites/IST/TECHNOGRAPH/src/styles/global.scss didn't resolve at build time, it will remain unchanged to be resolved at runtime
15:02:06 [WARN] [vite] 
../fonts/NotoSansJP-Bold.woff2 referenced in /Users/t-sagawa/Sites/IST/TECHNOGRAPH/src/styles/global.scss didn't resolve at build time, it will remain unchanged to be resolved at runtime
15:02:06 [WARN] [vite] 
../fonts/NotoSansJP-Regular.otf referenced in /Users/t-sagawa/Sites/IST/TECHNOGRAPH/src/styles/global.scss didn't resolve at build time, it will remain unchanged to be resolved at runtime
15:02:06 [WARN] [vite] 
../fonts/NotoSansJP-Medium.woff referenced in /Users/t-sagawa/Sites/IST/TECHNOGRAPH/src/styles/global.scss didn't resolve at build time, it will remain unchanged to be resolved at runtime
15:02:06 [WARN] [vite] 
../fonts/NotoSansJP-Bold.woff referenced in /Users/t-sagawa/Sites/IST/TECHNOGRAPH/src/styles/global.scss didn't resolve at build time, it will remain unchanged to be resolved at runtime
15:02:06 [WARN] [vite] 
../fonts/NotoSansJP-Bold.otf referenced in /Users/t-sagawa/Sites/IST/TECHNOGRAPH/src/styles/global.scss didn't resolve at build time, it will remain unchanged to be resolved at runtime
Generated an empty chunk: "test-file".
15:02:09 [vite] ✓ built in 3.33s
15:02:09 [build] ✓ Completed in 3.35s.

 building client (vite) 
15:02:09 [types] Added src/env.d.ts type declarations.
15:02:09 [vite] transforming...
15:02:15 [vite] ✓ 2715 modules transformed.
15:02:15 [vite] rendering chunks...
15:02:15 [vite] computing gzip size...
15:02:15 [vite] dist/_astro/studio-component.B9hu0tE3.js              0.11 kB │ gzip:     0.11 kB
15:02:15 [vite] dist/_astro/hoisted.DLT3o9yO.js                       0.79 kB │ gzip:     0.42 kB
15:02:15 [vite] dist/_astro/index.CHThn4q7.js                         1.13 kB │ gzip:     0.62 kB
15:02:15 [vite] dist/_astro/yaml.DsCXHVTH.js                          1.52 kB │ gzip:     0.73 kB
15:02:15 [vite] dist/_astro/client.DAVXiJi4.js                        1.68 kB │ gzip:     0.85 kB
15:02:15 [vite] dist/_astro/index2.D76RaDh-.js                        2.17 kB │ gzip:     1.14 kB
15:02:15 [vite] dist/_astro/index.CdkdRwEo.js                         2.50 kB │ gzip:     1.56 kB
15:02:15 [vite] dist/_astro/shell.CjFT_Tl9.js                         2.57 kB │ gzip:     1.21 kB
15:02:15 [vite] dist/_astro/go.CTD25R5P.js                            2.79 kB │ gzip:     1.30 kB
15:02:15 [vite] dist/_astro/Preview.PRYNe4Ht.js                       3.01 kB │ gzip:     1.45 kB
15:02:15 [vite] dist/_astro/resources.D3Ouv5Mz.js                     4.29 kB │ gzip:     1.34 kB
15:02:15 [vite] dist/_astro/resources2.BF3paGOr.js                    4.34 kB │ gzip:     1.25 kB
15:02:15 [vite] dist/_astro/sass.D0r3bXbj.js                          4.38 kB │ gzip:     1.62 kB
15:02:15 [vite] dist/_astro/ruby.B2Rjki9n.js                          5.16 kB │ gzip:     2.15 kB
15:02:15 [vite] dist/_astro/xml.BQQZnNBQ.js                           5.63 kB │ gzip:     2.20 kB
15:02:15 [vite] dist/_astro/python.BuPzkPfP.js                        6.48 kB │ gzip:     2.73 kB
15:02:15 [vite] dist/_astro/stegaEncodeSourceMap.BFDeUlJb.js          6.95 kB │ gzip:     2.89 kB
15:02:15 [vite] dist/_astro/browser.7KqZ-Os9.js                      12.25 kB │ gzip:     4.82 kB
15:02:15 [vite] dist/_astro/resources3.sEz1me_y.js                   14.58 kB │ gzip:     3.43 kB
15:02:15 [vite] dist/_astro/index3.IALwaa0k.js                       18.05 kB │ gzip:     7.01 kB
15:02:15 [vite] dist/_astro/clike.DWq2Y8ae.js                        22.25 kB │ gzip:     7.85 kB
15:02:15 [vite] dist/_astro/index.Bv8MnE25.js                        26.19 kB │ gzip:     8.74 kB
15:02:15 [vite] dist/_astro/index.4K2N6Ojw.js                        27.00 kB │ gzip:    11.19 kB
15:02:15 [vite] dist/_astro/css.BnMrqG3P.js                          27.13 kB │ gzip:     8.47 kB
15:02:15 [vite] dist/_astro/index.DJNDeEuf.js                        40.52 kB │ gzip:    16.69 kB
15:02:15 [vite] dist/_astro/index.yNcVJw5K.js                        42.98 kB │ gzip:    14.83 kB
15:02:15 [vite] dist/_astro/index.uPmWpVz8.js                        51.08 kB │ gzip:    20.96 kB
15:02:15 [vite] dist/_astro/index.CT5HVBUP.js                        84.28 kB │ gzip:    33.45 kB
15:02:15 [vite] dist/_astro/index.C1PlIKME.js                        95.15 kB │ gzip:    27.17 kB
15:02:15 [vite] dist/_astro/hoisted.BFBn7PE4.js                     112.16 kB │ gzip:    23.82 kB
15:02:15 [vite] dist/_astro/client.CF8elnFF.js                      141.53 kB │ gzip:    45.48 kB
15:02:15 [vite] dist/_astro/CodeMirrorProxy-A8RWnbXx.CFjR_KDb.js    403.45 kB │ gzip:   130.55 kB
15:02:15 [vite] dist/_astro/studio-component.CO4BAo_4.js          3,708.52 kB │ gzip: 1,092.05 kB
15:02:15 [WARN] [vite] 
(!) Some chunks are larger than 500 kB after minification. Consider:
- Using dynamic import() to code-split the application
- Use build.rollupOptions.output.manualChunks to improve chunking: https://rollupjs.org/configuration-options/#output-manualchunks
- Adjust chunk size limit for this warning via build.chunkSizeWarningLimit.
15:02:15 [vite] ✓ built in 6.46s

 generating static routes 
15:02:16 ▶ @sanity/astro/dist/studio/studio-route.astro
15:02:16   └─ /admin/index.html (+4ms)
15:02:16 ▶ src/pages/250515/index.html
15:02:16   └─ /250515/index.html (+1ms)
15:02:16 ▶ src/pages/250516/index.html
15:02:16   └─ /250516/index.html (+1ms)
15:02:16 ▶ src/pages/250517/index.html
15:02:16   └─ /250517/index.html (+1ms)
15:02:16 ▶ src/pages/250518/index.html
15:02:16   └─ /250518/index.html (+1ms)
15:02:16 ▶ src/pages/250519/index.html
15:02:16   └─ /250519/index.html (+1ms)
15:02:16 ▶ src/pages/250520/index.html
15:02:16   └─ /250520/index.html (+1ms)
15:02:16 ▶ src/pages/250521/index.html
15:02:16   └─ /250521/index.html (+1ms)
15:02:16 ▶ src/pages/250522/index.html
15:02:16   └─ /250522/index.html (+1ms)
15:02:16 ▶ src/pages/250523/index.html
15:02:16   └─ /250523/index.html (+0ms)
15:02:16 ▶ src/pages/250526/index.html
15:02:16   └─ /250526/index.html (+0ms)
15:02:16 ▶ src/pages/250527/index.html
15:02:16   └─ /250527/index.html (+0ms)
15:02:16 ▶ src/pages/250528/index.html
15:02:16   └─ /250528/index.html (+0ms)
15:02:16 ▶ src/pages/250529/index.html
15:02:16   └─ /250529/index.html (+0ms)
15:02:16 ▶ src/pages/250602/index.html
15:02:16   └─ /250602/index.html (+1ms)
15:02:16 ▶ src/pages/250603/index.html
15:02:16   └─ /250603/index.html (+0ms)
15:02:16 ▶ src/pages/250604/index.html
15:02:16   └─ /250604/index.html (+0ms)
15:02:16 ▶ src/pages/250605/index.html
15:02:16   └─ /250605/index.html (+0ms)
15:02:16 ▶ src/pages/250606/index.html
15:02:16   └─ /250606/index.html (+0ms)
15:02:16 ▶ src/pages/250609/index.html
15:02:16   └─ /250609/index.html (+0ms)
15:02:16 ▶ src/pages/250610/index.html
15:02:16   └─ /250610/index.html (+0ms)
15:02:16 ▶ src/pages/250611/index.html
15:02:16   └─ /250611/index.html (+0ms)
15:02:16 ▶ src/pages/250617/index.html
15:02:16   └─ /250617/index.html (+0ms)
15:02:16 ▶ src/pages/250618/index.html
15:02:16   └─ /250618/index.html (+1ms)
15:02:16 ▶ src/pages/250620/index.html
15:02:16   └─ /250620/index.html (+0ms)
15:02:16 ▶ src/pages/250624/index.html
15:02:16   └─ /250624/index.html (+0ms)
15:02:16 ▶ src/pages/250630/index.html
15:02:16   └─ /250630/index.html (+0ms)
15:02:16 ▶ src/pages/250714/index.html
15:02:16   └─ /250714/index.html (+0ms)
15:02:16 ▶ src/pages/251120/index.html
15:02:16   └─ /251120/index.html (+0ms)
15:02:16 ▶ src/pages/260107/index.html
15:02:16   └─ /260107/index.html (+0ms)
15:02:16 ▶ src/pages/260108/index.astro
15:02:16   └─ /260108/index.html (+1ms)
15:02:16 ▶ src/pages/260109/index.astro
15:02:16   └─ /260109/index.html (+0ms)
15:02:16 ▶ src/pages/about.astro
15:02:16   └─ /about/index.html (+1ms)
15:02:16 ▶ src/pages/collagelab/index.astro
15:02:16   └─ /collagelab/index.html (+1ms)
15:02:16 ▶ src/pages/crystallizer/make/index.astro
15:02:16   └─ /crystallizer/make/index.html (+1ms)
15:02:16 ▶ src/pages/crystallizer/index.astro
15:02:16   └─ /crystallizer/index.html (+37ms)
15:02:16 ▶ src/pages/post/[slug].astro
15:02:16   └─ /post/light-shadow/index.html (+11ms)
15:02:16 λ src/pages/test-file.js
15:02:16   └─ /test-file15:02:16 [WARN] [router] No API Route handler exists for the method "GET" for the route "/test-file".
Found handlers: 

 (+0ms)
15:02:16 ▶ src/pages/index.astro
15:02:16   └─ /index.html (+7ms)
15:02:16 ✓ Completed in 346ms.

15:02:16 [build] 38 page(s) built in 10.46s
15:02:16 [build] Complete!
